e:\learnnnn\exa\exa\x64\debug\vc145.pdb
e:\learnnnn\exa\exa\x64\debug\vc145.idb
e:\learnnnn\exa\exa\x64\debug\bai2.obj
e:\learnnnn\exa\exa\x64\debug\bai1.obj
e:\learnnnn\exa\x64\debug\exa.exe
e:\learnnnn\exa\x64\debug\exa.pdb
e:\learnnnn\exa\exa\x64\debug\exa.ilk
e:\learnnnn\exa\exa\x64\debug\exa.obj
e:\learnnnn\exa\exa\x64\debug\exa.tlog\cl.command.1.tlog
e:\learnnnn\exa\exa\x64\debug\exa.tlog\cl.items.tlog
e:\learnnnn\exa\exa\x64\debug\exa.tlog\cl.read.1.tlog
e:\learnnnn\exa\exa\x64\debug\exa.tlog\cl.write.1.tlog
e:\learnnnn\exa\exa\x64\debug\exa.tlog\link-cvtres.read.1.tlog
e:\learnnnn\exa\exa\x64\debug\exa.tlog\link-cvtres.write.1.tlog
e:\learnnnn\exa\exa\x64\debug\exa.tlog\link-rc.read.1.tlog
e:\learnnnn\exa\exa\x64\debug\exa.tlog\link-rc.write.1.tlog
e:\learnnnn\exa\exa\x64\debug\exa.tlog\link.26204-cvtres.read.1.tlog
e:\learnnnn\exa\exa\x64\debug\exa.tlog\link.26204-cvtres.write.1.tlog
e:\learnnnn\exa\exa\x64\debug\exa.tlog\link.26204-rc.read.1.tlog
e:\learnnnn\exa\exa\x64\debug\exa.tlog\link.26204-rc.write.1.tlog
e:\learnnnn\exa\exa\x64\debug\exa.tlog\link.26204.read.1.tlog
e:\learnnnn\exa\exa\x64\debug\exa.tlog\link.26204.read.2.tlog
e:\learnnnn\exa\exa\x64\debug\exa.tlog\link.26204.read.3.tlog
e:\learnnnn\exa\exa\x64\debug\exa.tlog\link.26204.read.4.tlog
e:\learnnnn\exa\exa\x64\debug\exa.tlog\link.26204.read.5.tlog
e:\learnnnn\exa\exa\x64\debug\exa.tlog\link.26204.write.1.tlog
e:\learnnnn\exa\exa\x64\debug\exa.tlog\link.command.1.tlog
e:\learnnnn\exa\exa\x64\debug\exa.tlog\link.read.1.tlog
e:\learnnnn\exa\exa\x64\debug\exa.tlog\link.read.2.tlog
e:\learnnnn\exa\exa\x64\debug\exa.tlog\link.read.3.tlog
e:\learnnnn\exa\exa\x64\debug\exa.tlog\link.read.4.tlog
e:\learnnnn\exa\exa\x64\debug\exa.tlog\link.read.5.tlog
e:\learnnnn\exa\exa\x64\debug\exa.tlog\link.secondary.1.tlog
e:\learnnnn\exa\exa\x64\debug\exa.tlog\link.write.1.tlog
